app/build/intermediates/manifest_merge_blame_file/release/processReleaseMainManifest/manifest-merger-blame-release-report.txt
1<?xml version="1.0" encoding="utf-8"?>
2<manifest xmlns:android="http://schemas.android.com/apk/res/android"
3    package="com.chronopass.app"
4    android:versionCode="1"
5    android:versionName="1.0" >
6
7    <uses-sdk
8        android:minSdkVersion="26"
9        android:targetSdkVersion="35" />
10
11    <uses-feature
11-->src\main\AndroidManifest.xml:4:5-88
12        android:name="android.hardware.camera.any"
12-->src\main\AndroidManifest.xml:4:19-61
13        android:required="true" />
13-->src\main\AndroidManifest.xml:4:62-85
14
15    <uses-permission android:name="android.permission.CAMERA" />
15-->src\main\AndroidManifest.xml:5:5-65
15-->src\main\AndroidManifest.xml:5:22-62
16    <uses-permission android:name="android.permission.ACCESS_FINE_LOCATION" />
16-->src\main\AndroidManifest.xml:6:5-79
16-->src\main\AndroidManifest.xml:6:22-76
17    <uses-permission android:name="android.permission.ACCESS_COARSE_LOCATION" />
17-->src\main\AndroidManifest.xml:7:5-81
17-->src\main\AndroidManifest.xml:7:22-78
18
19    <permission
19-->[androidx.core:core:1.15.0] AndroidManifest.xml:22:5-24:47
20        android:name="com.chronopass.app.DYNAMIC_RECEIVER_NOT_EXPORTED_PERMISSION"
20-->[androidx.core:core:1.15.0] AndroidManifest.xml:23:9-81
21        android:protectionLevel="signature" />
21-->[androidx.core:core:1.15.0] AndroidManifest.xml:24:9-44
22
23    <uses-permission android:name="com.chronopass.app.DYNAMIC_RECEIVER_NOT_EXPORTED_PERMISSION" />
23-->[androidx.core:core:1.15.0] AndroidManifest.xml:26:5-97
23-->[androidx.core:core:1.15.0] AndroidManifest.xml:26:22-94
24
25    <application
25-->src\main\AndroidManifest.xml:9:5-35:19
26        android:allowBackup="false"
26-->src\main\AndroidManifest.xml:10:9-36
27        android:appComponentFactory="androidx.core.app.CoreComponentFactory"
27-->[androidx.core:core:1.15.0] AndroidManifest.xml:28:18-86
28        android:extractNativeLibs="false"
29        android:label="@string/app_name"
29-->src\main\AndroidManifest.xml:11:9-41
30        android:supportsRtl="true"
30-->src\main\AndroidManifest.xml:12:9-35
31        android:theme="@style/Theme.ChronoPass" >
31-->src\main\AndroidManifest.xml:13:9-48
32        <activity
32-->src\main\AndroidManifest.xml:15:9-24:20
33            android:name="com.chronopass.app.MainActivity"
33-->src\main\AndroidManifest.xml:16:13-41
34            android:exported="true"
34-->src\main\AndroidManifest.xml:17:13-36
35            android:label="@string/app_name"
35-->src\main\AndroidManifest.xml:18:13-45
36            android:theme="@style/Theme.ChronoPass" >
36-->src\main\AndroidManifest.xml:19:13-52
37            <intent-filter>
37-->src\main\AndroidManifest.xml:20:13-23:29
38                <action android:name="android.intent.action.MAIN" />
38-->src\main\AndroidManifest.xml:21:17-69
38-->src\main\AndroidManifest.xml:21:25-66
39
40                <category android:name="android.intent.category.LAUNCHER" />
40-->src\main\AndroidManifest.xml:22:17-77
40-->src\main\AndroidManifest.xml:22:27-74
41            </intent-filter>
42        </activity>
43
44        <provider
45            android:name="androidx.core.content.FileProvider"
45-->src\main\AndroidManifest.xml:27:13-62
46            android:authorities="com.chronopass.app.fileprovider"
46-->src\main\AndroidManifest.xml:28:13-64
47            android:exported="false"
47-->src\main\AndroidManifest.xml:29:13-37
48            android:grantUriPermissions="true" >
48-->src\main\AndroidManifest.xml:30:13-47
49            <meta-data
49-->src\main\AndroidManifest.xml:31:13-33:54
50                android:name="android.support.FILE_PROVIDER_PATHS"
50-->src\main\AndroidManifest.xml:32:17-67
51                android:resource="@xml/file_paths" />
51-->src\main\AndroidManifest.xml:33:17-51
52        </provider>
53
54        <service
54-->[androidx.camera:camera-camera2:1.4.1] AndroidManifest.xml:24:9-33:19
55            android:name="androidx.camera.core.impl.MetadataHolderService"
55-->[androidx.camera:camera-camera2:1.4.1] AndroidManifest.xml:25:13-75
56            android:enabled="false"
56-->[androidx.camera:camera-camera2:1.4.1] AndroidManifest.xml:26:13-36
57            android:exported="false" >
57-->[androidx.camera:camera-camera2:1.4.1] AndroidManifest.xml:27:13-37
58            <meta-data
58-->[androidx.camera:camera-camera2:1.4.1] AndroidManifest.xml:30:13-32:89
59                android:name="androidx.camera.core.impl.MetadataHolderService.DEFAULT_CONFIG_PROVIDER"
59-->[androidx.camera:camera-camera2:1.4.1] AndroidManifest.xml:31:17-103
60                android:value="androidx.camera.camera2.Camera2Config$DefaultProvider" />
60-->[androidx.camera:camera-camera2:1.4.1] AndroidManifest.xml:32:17-86
61        </service>
62
63        <activity
63-->[com.google.android.gms:play-services-base:18.5.0] AndroidManifest.xml:5:9-173
64            android:name="com.google.android.gms.common.api.GoogleApiActivity"
64-->[com.google.android.gms:play-services-base:18.5.0] AndroidManifest.xml:5:19-85
65            android:exported="false"
65-->[com.google.android.gms:play-services-base:18.5.0] AndroidManifest.xml:5:146-170
66            android:theme="@android:style/Theme.Translucent.NoTitleBar" />
66-->[com.google.android.gms:play-services-base:18.5.0] AndroidManifest.xml:5:86-145
67
68        <meta-data
68-->[com.google.android.gms:play-services-basement:18.4.0] AndroidManifest.xml:6:9-122
69            android:name="com.google.android.gms.version"
69-->[com.google.android.gms:play-services-basement:18.4.0] AndroidManifest.xml:6:20-65
70            android:value="@integer/google_play_services_version" />
70-->[com.google.android.gms:play-services-basement:18.4.0] AndroidManifest.xml:6:66-119
71
72        <provider
72-->[androidx.emoji2:emoji2:1.3.0] AndroidManifest.xml:24:9-32:20
73            android:name="androidx.startup.InitializationProvider"
73-->[androidx.emoji2:emoji2:1.3.0] AndroidManifest.xml:25:13-67
74            android:authorities="com.chronopass.app.androidx-startup"
74-->[androidx.emoji2:emoji2:1.3.0] AndroidManifest.xml:26:13-68
75            android:exported="false" >
75-->[androidx.emoji2:emoji2:1.3.0] AndroidManifest.xml:27:13-37
76            <meta-data
76-->[androidx.emoji2:emoji2:1.3.0] AndroidManifest.xml:29:13-31:52
77                android:name="androidx.emoji2.text.EmojiCompatInitializer"
77-->[androidx.emoji2:emoji2:1.3.0] AndroidManifest.xml:30:17-75
78                android:value="androidx.startup" />
78-->[androidx.emoji2:emoji2:1.3.0] AndroidManifest.xml:31:17-49
79            <meta-data
79-->[androidx.lifecycle:lifecycle-process:2.8.7] AndroidManifest.xml:29:13-31:52
80                android:name="androidx.lifecycle.ProcessLifecycleInitializer"
80-->[androidx.lifecycle:lifecycle-process:2.8.7] AndroidManifest.xml:30:17-78
81                android:value="androidx.startup" />
81-->[androidx.lifecycle:lifecycle-process:2.8.7] AndroidManifest.xml:31:17-49
82            <meta-data
82-->[androidx.profileinstaller:profileinstaller:1.3.1] AndroidManifest.xml:29:13-31:52
83                android:name="androidx.profileinstaller.ProfileInstallerInitializer"
83-->[androidx.profileinstaller:profileinstaller:1.3.1] AndroidManifest.xml:30:17-85
84                android:value="androidx.startup" />
84-->[androidx.profileinstaller:profileinstaller:1.3.1] AndroidManifest.xml:31:17-49
85        </provider>
86
87        <service
87-->[androidx.room:room-runtime:2.6.1] AndroidManifest.xml:24:9-28:63
88            android:name="androidx.room.MultiInstanceInvalidationService"
88-->[androidx.room:room-runtime:2.6.1] AndroidManifest.xml:25:13-74
89            android:directBootAware="true"
89-->[androidx.room:room-runtime:2.6.1] AndroidManifest.xml:26:13-43
90            android:exported="false" />
90-->[androidx.room:room-runtime:2.6.1] AndroidManifest.xml:27:13-37
91
92        <receiver
92-->[androidx.profileinstaller:profileinstaller:1.3.1] AndroidManifest.xml:34:9-52:20
93            android:name="androidx.profileinstaller.ProfileInstallReceiver"
93-->[androidx.profileinstaller:profileinstaller:1.3.1] AndroidManifest.xml:35:13-76
94            android:directBootAware="false"
94-->[androidx.profileinstaller:profileinstaller:1.3.1] AndroidManifest.xml:36:13-44
95            android:enabled="true"
95-->[androidx.profileinstaller:profileinstaller:1.3.1] AndroidManifest.xml:37:13-35
96            android:exported="true"
96-->[androidx.profileinstaller:profileinstaller:1.3.1] AndroidManifest.xml:38:13-36
97            android:permission="android.permission.DUMP" >
97-->[androidx.profileinstaller:profileinstaller:1.3.1] AndroidManifest.xml:39:13-57
98            <intent-filter>
98-->[androidx.profileinstaller:profileinstaller:1.3.1] AndroidManifest.xml:40:13-42:29
99                <action android:name="androidx.profileinstaller.action.INSTALL_PROFILE" />
99-->[androidx.profileinstaller:profileinstaller:1.3.1] AndroidManifest.xml:41:17-91
99-->[androidx.profileinstaller:profileinstaller:1.3.1] AndroidManifest.xml:41:25-88
100            </intent-filter>
101            <intent-filter>
101-->[androidx.profileinstaller:profileinstaller:1.3.1] AndroidManifest.xml:43:13-45:29
102                <action android:name="androidx.profileinstaller.action.SKIP_FILE" />
102-->[androidx.profileinstaller:profileinstaller:1.3.1] AndroidManifest.xml:44:17-85
102-->[androidx.profileinstaller:profileinstaller:1.3.1] AndroidManifest.xml:44:25-82
103            </intent-filter>
104            <intent-filter>
104-->[androidx.profileinstaller:profileinstaller:1.3.1] AndroidManifest.xml:46:13-48:29
105                <action android:name="androidx.profileinstaller.action.SAVE_PROFILE" />
105-->[androidx.profileinstaller:profileinstaller:1.3.1] AndroidManifest.xml:47:17-88
105-->[androidx.profileinstaller:profileinstaller:1.3.1] AndroidManifest.xml:47:25-85
106            </intent-filter>
107            <intent-filter>
107-->[androidx.profileinstaller:profileinstaller:1.3.1] AndroidManifest.xml:49:13-51:29
108                <action android:name="androidx.profileinstaller.action.BENCHMARK_OPERATION" />
108-->[androidx.profileinstaller:profileinstaller:1.3.1] AndroidManifest.xml:50:17-95
108-->[androidx.profileinstaller:profileinstaller:1.3.1] AndroidManifest.xml:50:25-92
109            </intent-filter>
110        </receiver>
111    </application>
112
113</manifest>